# JRE version: Java(TM) SE Runtime Environment (8.0_211-b12) (build 1.8.0_211-b12)
# Java VM: Java HotSpot(TM) 64-Bit Server VM (25.211-b12 mixed mode windows-amd64 compressed oops)
Heap:
 PSYoungGen      total 266240K, used 81082K [0x00000000d5580000, 0x00000000ebd80000, 0x0000000100000000)
  eden space 250368K, 27% used [0x00000000d5580000,0x00000000d99eaf00,0x00000000e4a00000)
  from space 15872K, 69% used [0x00000000e4a00000,0x00000000e54c3970,0x00000000e5980000)
  to   space 15360K, 0% used [0x00000000eae80000,0x00000000eae80000,0x00000000ebd80000)
 ParOldGen       total 337408K, used 13033K [0x0000000080000000, 0x0000000094980000, 0x00000000d5580000)
  object space 337408K, 3% used [0x0000000080000000,0x0000000080cba6c0,0x0000000094980000)
 Metaspace       used 42227K, capacity 44246K, committed 44416K, reserved 1087488K
  class space    used 5809K, capacity 6184K, committed 6272K, reserved 1048576K
GC Heap History (10 events):
Event: 4.511 GC heap before
{Heap before GC invocations=5 (full 1):
 PSYoungGen      total 152576K, used 144160K [0x00000000d5580000, 0x00000000e3280000, 0x0000000100000000)
  eden space 131072K, 100% used [0x00000000d5580000,0x00000000dd580000,0x00000000dd580000)
  from space 21504K, 60% used [0x00000000dd580000,0x00000000de248148,0x00000000dea80000)
  to   space 21504K, 0% used [0x00000000e1d80000,0x00000000e1d80000,0x00000000e3280000)
 ParOldGen       total 218624K, used 12803K [0x0000000080000000, 0x000000008d580000, 0x00000000d5580000)
  object space 218624K, 5% used [0x0000000080000000,0x0000000080c80cf8,0x000000008d580000)
 Metaspace       used 33377K, capacity 34574K, committed 34688K, reserved 1079296K
  class space    used 4624K, capacity 4944K, committed 4992K, reserved 1048576K
Event: 4.517 GC heap after
Heap after GC invocations=5 (full 1):
 PSYoungGen      total 202752K, used 9785K [0x00000000d5580000, 0x00000000e3180000, 0x0000000100000000)
  eden space 182272K, 0% used [0x00000000d5580000,0x00000000d5580000,0x00000000e0780000)
  from space 20480K, 47% used [0x00000000e1d80000,0x00000000e270e458,0x00000000e3180000)
  to   space 21504K, 0% used [0x00000000e0780000,0x00000000e0780000,0x00000000e1c80000)
 ParOldGen       total 218624K, used 12811K [0x0000000080000000, 0x000000008d580000, 0x00000000d5580000)
  object space 218624K, 5% used [0x0000000080000000,0x0000000080c82cf8,0x000000008d580000)
 Metaspace       used 33377K, capacity 34574K, committed 34688K, reserved 1079296K
  class space    used 4624K, capacity 4944K, committed 4992K, reserved 1048576K
}
Event: 4.888 GC heap before
{Heap before GC invocations=6 (full 1):
 PSYoungGen      total 202752K, used 137654K [0x00000000d5580000, 0x00000000e3180000, 0x0000000100000000)
  eden space 182272K, 70% used [0x00000000d5580000,0x00000000dd25f3d8,0x00000000e0780000)
  from space 20480K, 47% used [0x00000000e1d80000,0x00000000e270e458,0x00000000e3180000)
  to   space 21504K, 0% used [0x00000000e0780000,0x00000000e0780000,0x00000000e1c80000)
 ParOldGen       total 218624K, used 12811K [0x0000000080000000, 0x000000008d580000, 0x00000000d5580000)
  object space 218624K, 5% used [0x0000000080000000,0x0000000080c82cf8,0x000000008d580000)
 Metaspace       used 34225K, capacity 35374K, committed 35496K, reserved 1079296K
  class space    used 4739K, capacity 5040K, committed 5120K, reserved 1048576K
Event: 4.893 GC heap after
Heap after GC invocations=6 (full 1):
 PSYoungGen      total 203776K, used 6474K [0x00000000d5580000, 0x00000000e7000000, 0x0000000100000000)
  eden space 182272K, 0% used [0x00000000d5580000,0x00000000d5580000,0x00000000e0780000)
  from space 21504K, 30% used [0x00000000e0780000,0x00000000e0dd2900,0x00000000e1c80000)
  to   space 15872K, 0% used [0x00000000e6080000,0x00000000e6080000,0x00000000e7000000)
 ParOldGen       total 218624K, used 12819K [0x0000000080000000, 0x000000008d580000, 0x00000000d5580000)
  object space 218624K, 5% used [0x0000000080000000,0x0000000080c84cf8,0x000000008d580000)
 Metaspace       used 34225K, capacity 35374K, committed 35496K, reserved 1079296K
  class space    used 4739K, capacity 5040K, committed 5120K, reserved 1048576K
}
Event: 4.893 GC heap before
{Heap before GC invocations=7 (full 2):
 PSYoungGen      total 203776K, used 6474K [0x00000000d5580000, 0x00000000e7000000, 0x0000000100000000)
  eden space 182272K, 0% used [0x00000000d5580000,0x00000000d5580000,0x00000000e0780000)
  from space 21504K, 30% used [0x00000000e0780000,0x00000000e0dd2900,0x00000000e1c80000)
  to   space 15872K, 0% used [0x00000000e6080000,0x00000000e6080000,0x00000000e7000000)
 ParOldGen       total 218624K, used 12819K [0x0000000080000000, 0x000000008d580000, 0x00000000d5580000)
  object space 218624K, 5% used [0x0000000080000000,0x0000000080c84cf8,0x000000008d580000)
 Metaspace       used 34225K, capacity 35374K, committed 35496K, reserved 1079296K
  class space    used 4739K, capacity 5040K, committed 5120K, reserved 1048576K
Event: 4.927 GC heap after
Heap after GC invocations=7 (full 2):
 PSYoungGen      total 203776K, used 0K [0x00000000d5580000, 0x00000000e7000000, 0x0000000100000000)
  eden space 182272K, 0% used [0x00000000d5580000,0x00000000d5580000,0x00000000e0780000)
  from space 21504K, 0% used [0x00000000e0780000,0x00000000e0780000,0x00000000e1c80000)
  to   space 15872K, 0% used [0x00000000e6080000,0x00000000e6080000,0x00000000e7000000)
 ParOldGen       total 337408K, used 13017K [0x0000000080000000, 0x0000000094980000, 0x00000000d5580000)
  object space 337408K, 3% used [0x0000000080000000,0x0000000080cb66c0,0x0000000094980000)
 Metaspace       used 34225K, capacity 35374K, committed 35496K, reserved 1079296K
  class space    used 4739K, capacity 5040K, committed 5120K, reserved 1048576K
}
Event: 6.720 GC heap before
{Heap before GC invocations=8 (full 2):
 PSYoungGen      total 203776K, used 182272K [0x00000000d5580000, 0x00000000e7000000, 0x0000000100000000)
  eden space 182272K, 100% used [0x00000000d5580000,0x00000000e0780000,0x00000000e0780000)
  from space 21504K, 0% used [0x00000000e0780000,0x00000000e0780000,0x00000000e1c80000)
  to   space 15872K, 0% used [0x00000000e6080000,0x00000000e6080000,0x00000000e7000000)
 ParOldGen       total 337408K, used 13017K [0x0000000080000000, 0x0000000094980000, 0x00000000d5580000)
  object space 337408K, 3% used [0x0000000080000000,0x0000000080cb66c0,0x0000000094980000)
 Metaspace       used 36419K, capacity 37650K, committed 37888K, reserved 1081344K
  class space    used 4952K, capacity 5255K, committed 5376K, reserved 1048576K
Event: 6.725 GC heap after
Heap after GC invocations=8 (full 2):
 PSYoungGen      total 259072K, used 7954K [0x00000000d5580000, 0x00000000e6900000, 0x0000000100000000)
  eden space 250368K, 0% used [0x00000000d5580000,0x00000000d5580000,0x00000000e4a00000)
  from space 8704K, 91% used [0x00000000e6080000,0x00000000e6844888,0x00000000e6900000)
  to   space 15872K, 0% used [0x00000000e4a00000,0x00000000e4a00000,0x00000000e5980000)
 ParOldGen       total 337408K, used 13025K [0x0000000080000000, 0x0000000094980000, 0x00000000d5580000)
  object space 337408K, 3% used [0x0000000080000000,0x0000000080cb86c0,0x0000000094980000)
 Metaspace       used 36419K, capacity 37650K, committed 37888K, reserved 1081344K
  class space    used 4952K, capacity 5255K, committed 5376K, reserved 1048576K
}
Event: 8.383 GC heap before
{Heap before GC invocations=9 (full 2):
 PSYoungGen      total 259072K, used 258322K [0x00000000d5580000, 0x00000000e6900000, 0x0000000100000000)
  eden space 250368K, 100% used [0x00000000d5580000,0x00000000e4a00000,0x00000000e4a00000)
  from space 8704K, 91% used [0x00000000e6080000,0x00000000e6844888,0x00000000e6900000)
  to   space 15872K, 0% used [0x00000000e4a00000,0x00000000e4a00000,0x00000000e5980000)
 ParOldGen       total 337408K, used 13025K [0x0000000080000000, 0x0000000094980000, 0x00000000d5580000)
  object space 337408K, 3% used [0x0000000080000000,0x0000000080cb86c0,0x0000000094980000)
 Metaspace       used 41089K, capacity 42792K, committed 42880K, reserved 1085440K
  class space    used 5662K, capacity 6013K, committed 6016K, reserved 1048576K
Event: 8.392 GC heap after
Heap after GC invocations=9 (full 2):
 PSYoungGen      total 266240K, used 11022K [0x00000000d5580000, 0x00000000ebd80000, 0x0000000100000000)
  eden space 250368K, 0% used [0x00000000d5580000,0x00000000d5580000,0x00000000e4a00000)
  from space 15872K, 69% used [0x00000000e4a00000,0x00000000e54c3970,0x00000000e5980000)
  to   space 15360K, 0% used [0x00000000eae80000,0x00000000eae80000,0x00000000ebd80000)
 ParOldGen       total 337408K, used 13033K [0x0000000080000000, 0x0000000094980000, 0x00000000d5580000)
  object space 337408K, 3% used [0x0000000080000000,0x0000000080cba6c0,0x0000000094980000)
 Metaspace       used 41089K, capacity 42792K, committed 42880K, reserved 1085440K
  class space    used 5662K, capacity 6013K, committed 6016K, reserved 1048576K
}

